0 info it worked if it ends with ok
1 verbose cli [ 'C:\\buildworkspace\\node\\node.exe',
1 verbose cli   'C:\\buildworkspace\\node\\node_modules\\npm\\bin\\npm-cli.js',
1 verbose cli   'start' ]
2 info using npm@4.0.2
3 info using node@v4.4.7
4 verbose run-script [ 'prestart', 'start', 'poststart' ]
5 info lifecycle ng2-start@1.0.0~prestart: ng2-start@1.0.0
6 silly lifecycle ng2-start@1.0.0~prestart: no script for prestart, continuing
7 info lifecycle ng2-start@1.0.0~start: ng2-start@1.0.0
8 verbose lifecycle ng2-start@1.0.0~start: unsafe-perm in lifecycle true
9 verbose lifecycle ng2-start@1.0.0~start: PATH: C:\buildworkspace\node\node_modules\npm\bin\node-gyp-bin;C:\buildworkspace\Angular2Bones\node_modules\.bin;C:\ProgramData\Oracle\Java\javapath;C:\Program Files\Hummingbird\Connectivity\14.00\HostExplorer;C:\Program Files\CollabNet\Subversion Client;C:\Windows\system32;C:\Windows;C:\Windows\System32\Wbem;C:\Windows\System32\WindowsPowerShell\v1.0\;C:\Windows\System32\WindowsPowerShell\v1.0\;C:\Windows\System32\WindowsPowerShell\v1.0\;C:\Program Files\ibm\gsk8\lib64;C:\Program Files (x86)\ibm\gsk8\lib;C:\PROGRA~1\IBM\SQLLIB\BIN;C:\PROGRA~1\IBM\SQLLIB\FUNCTION;C:\PROGRA~1\IBM\SQLLIB\SAMPLES\REPL;C:\Program Files\IBM\gsk8\lib64;C:\Program Files (x86)\Hummingbird\Connectivity\14.00\Accessories\;C:\Program Files (x86)\Symantec\VIP Access Client\;C:\Program Files\TortoiseSVN\bin;C:\Windows\System32\WindowsPowerShell\v1.0\;C:\Program Files\Git\cmd;C:\Program Files\McAfee\Solidcore\Tools\GatherInfo;C:\Program Files\McAfee\Solidcore\Tools\Scanalyzer;C:\Program Files\McAfee\Solidcore\;C:\Program Files\McAfee\Solidcore\Tools\ScGetCerts;C:\ProgramData\Oracle\Java\javapath;C:\Program Files\Hummingbird\Connectivity\14.00\HostExplorer;C:\Program Files\CollabNet\Subversion Client;C:\Windows\system32;C:\Windows;C:\Windows\System32\Wbem;C:\Windows\System32\WindowsPowerShell\v1.0\;C:\Windows\System32\WindowsPowerShell\v1.0\;C:\Windows\System32\WindowsPowerShell\v1.0\;C:\Program Files\ibm\gsk8\lib64;C:\Program Files (x86)\ibm\gsk8\lib;C:\PROGRA~1\IBM\SQLLIB\BIN;C:\PROGRA~1\IBM\SQLLIB\FUNCTION;C:\PROGRA~1\IBM\SQLLIB\SAMPLES\REPL;C:\Program Files\IBM\gsk8\lib64;C:\Program Files (x86)\Hummingbird\Connectivity\14.00\Accessories\;C:\Program Files (x86)\Symantec\VIP Access Client\;C:\Program Files\TortoiseSVN\bin;C:\Windows\System32\WindowsPowerShell\v1.0\;C:\Program Files\Git\cmd;C:\Program Files\McAfee\Solidcore\Tools\GatherInfo;C:\Program Files\McAfee\Solidcore\Tools\Scanalyzer;C:\Program Files\McAfee\Solidcore\;C:\Program Files\McAfee\Solidcore\Tools\ScGetCerts;T:\Edc\incubator\apache-maven-3.3.3\bin;C:\buildworkspace\node;
10 verbose lifecycle ng2-start@1.0.0~start: CWD: C:\buildworkspace\Angular2Bones
11 silly lifecycle ng2-start@1.0.0~start: Args: [ '/d /s /c',
11 silly lifecycle   'tsc && concurrently "npm run tsc:w" "npm run lite"' ]
12 silly lifecycle ng2-start@1.0.0~start: Returned: code: 2  signal: null
13 info lifecycle ng2-start@1.0.0~start: Failed to exec start script
14 verbose stack Error: ng2-start@1.0.0 start: `tsc && concurrently "npm run tsc:w" "npm run lite"`
14 verbose stack Exit status 2
14 verbose stack     at EventEmitter.<anonymous> (C:\buildworkspace\node\node_modules\npm\lib\utils\lifecycle.js:279:16)
14 verbose stack     at emitTwo (events.js:87:13)
14 verbose stack     at EventEmitter.emit (events.js:172:7)
14 verbose stack     at ChildProcess.<anonymous> (C:\buildworkspace\node\node_modules\npm\lib\utils\spawn.js:40:14)
14 verbose stack     at emitTwo (events.js:87:13)
14 verbose stack     at ChildProcess.emit (events.js:172:7)
14 verbose stack     at maybeClose (internal/child_process.js:827:16)
14 verbose stack     at Process.ChildProcess._handle.onexit (internal/child_process.js:211:5)
15 verbose pkgid ng2-start@1.0.0
16 verbose cwd C:\buildworkspace\Angular2Bones
17 error Windows_NT 6.1.7601
18 error argv "C:\\buildworkspace\\node\\node.exe" "C:\\buildworkspace\\node\\node_modules\\npm\\bin\\npm-cli.js" "start"
19 error node v4.4.7
20 error npm  v4.0.2
21 error code ELIFECYCLE
22 error ng2-start@1.0.0 start: `tsc && concurrently "npm run tsc:w" "npm run lite"`
22 error Exit status 2
23 error Failed at the ng2-start@1.0.0 start script 'tsc && concurrently "npm run tsc:w" "npm run lite"'.
23 error Make sure you have the latest version of node.js and npm installed.
23 error If you do, this is most likely a problem with the ng2-start package,
23 error not with npm itself.
23 error Tell the author that this fails on your system:
23 error     tsc && concurrently "npm run tsc:w" "npm run lite"
23 error You can get information on how to open an issue for this project with:
23 error     npm bugs ng2-start
23 error Or if that isn't available, you can get their info via:
23 error     npm owner ls ng2-start
23 error There is likely additional logging output above.
24 verbose exit [ 1, true ]
